<?xml version="1.0" encoding="UTF-8"?>
<!-- Generated by org.testng.reporters.JUnitXMLReporter -->
<testsuite hostname="MISHRAM" ignored="1" name="Test" tests="6" failures="1" timestamp="12 Jul 2017 14:20:48 GMT" time="227.26" errors="0">
  <testcase name="A_LoginAndFocusShow" time="9.161" classname="PushToProd.PushToProd"/>
  <testcase name="B_HousingTransfer" time="73.816" classname="PushToProd.PushToProd">
    <failure type="org.openqa.selenium.TimeoutException" message="Expected condition failed: waiting for presence of element located by: By.xpath: //*[@class=&amp;apos;ExecutionMessageSummary&amp;apos;] (tried for 60 second(s) with 500 MILLISECONDS interval)">
      <![CDATA[org.openqa.selenium.TimeoutException: Expected condition failed: waiting for presence of element located by: By.xpath: //*[@class='ExecutionMessageSummary'] (tried for 60 second(s) with 500 MILLISECONDS interval)
	at org.openqa.selenium.support.ui.WebDriverWait.timeoutException(WebDriverWait.java:80)
	at org.openqa.selenium.support.ui.FluentWait.until(FluentWait.java:257)
	at PushToProd.PushToProd.B_HousingTransfer(PushToProd.java:66)
Caused by: org.openqa.selenium.NoSuchElementException: Cannot locate an element using By.xpath: //*[@class='ExecutionMessageSummary']
For documentation on this error, please visit: http://seleniumhq.org/exceptions/no_such_element.html
Build info: version: '3.1.0', revision: 'b94c902', time: '2017-02-16 12:21:31 -0800'
System info: host: 'MISHRAM', ip: '172.17.9.25', os.name: 'Windows 7', os.arch: 'amd64', os.version: '6.1', java.version: '1.8.0_91'
Driver info: driver.version: unknown
	at org.openqa.selenium.support.ui.ExpectedConditions.lambda$findElement$0(ExpectedConditions.java:896)
	at java.util.Optional.orElseThrow(Optional.java:290)
	at org.openqa.selenium.support.ui.ExpectedConditions.findElement(ExpectedConditions.java:895)
	at org.openqa.selenium.support.ui.ExpectedConditions.access$000(ExpectedConditions.java:41)
	at org.openqa.selenium.support.ui.ExpectedConditions$6.apply(ExpectedConditions.java:181)
	at org.openqa.selenium.support.ui.ExpectedConditions$6.apply(ExpectedConditions.java:178)
	at org.openqa.selenium.support.ui.FluentWait.until(FluentWait.java:234)
	... 26 more
... Removed 25 stack frames]]>
    </failure>
  </testcase> <!-- B_HousingTransfer -->
  <testcase name="C_PushConfirmationLettersToProduction" time="4.402" classname="PushToProd.PushToProd"/>
  <testcase name="D_PushWebFiles" time="1.774" classname="PushToProd.PushToProd"/>
  <testcase name="E_PushEverythingElse" time="53.645" classname="PushToProd.PushToProd"/>
  <testcase name="A_ConfigureDecisionPoint" time="20.938" classname="PushToProd.DPConfig"/>
  <testcase name="@BeforeSuite checkSuiteSkip" time="0.0" classname="PushToProd.TestSuiteBase">
    <ignored/>
  </testcase> <!-- @BeforeSuite checkSuiteSkip -->
</testsuite> <!-- Test -->
