<?xml version="1.0" encoding="UTF-8"?>
<!-- Generated by org.testng.reporters.JUnitXMLReporter -->
<testsuite hostname="KULANDASAMYC" name="Test" tests="12" failures="1" timestamp="3 May 2018 06:12:56 GMT" time="557.099" errors="0">
  <testcase name="A_LoginAndFocusShow" time="19.889" classname="Setup_Housing.EventAdminDetails"/>
  <testcase name="B_AddEventAdminDetails" time="48.906" classname="Setup_Housing.EventAdminDetails">
    <failure type="org.openqa.selenium.StaleElementReferenceException" message="stale element reference: element is not attached to the page document
  (Session info: chrome=65.0.3325.181)
  (Driver info: chromedriver=2.37.544315 (730aa6a5fdba159ac9f4c1e8cbc59bf1b5ce12b7),platform=Windows NT 6.1.7601 SP1 x86_64) (WARNING: The server did not provide any stacktrace information)
Command duration or timeout: 24.23 seconds
For documentation on this error, please visit: http://seleniumhq.org/exceptions/stale_element_reference.html
Build info: version: &amp;apos;2.53.1&amp;apos;, revision: &amp;apos;a36b8b1&amp;apos;, time: &amp;apos;2016-06-30 17:32:46&amp;apos;
System info: host: &amp;apos;KULANDASAMYC&amp;apos;, ip: &amp;apos;172.17.9.18&amp;apos;, os.name: &amp;apos;Windows 7&amp;apos;, os.arch: &amp;apos;amd64&amp;apos;, os.version: &amp;apos;6.1&amp;apos;, java.version: &amp;apos;1.8.0_161&amp;apos;
Driver info: org.openqa.selenium.chrome.ChromeDriver
Capabilities [{applicationCacheEnabled=false, rotatable=false, mobileEmulationEnabled=false, networkConnectionEnabled=false, chrome={chromedriverVersion=2.37.544315 (730aa6a5fdba159ac9f4c1e8cbc59bf1b5ce12b7), userDataDir=C:\Users\KULAND~1\AppData\Local\Temp\scoped_dir5208_30710}, takesHeapSnapshot=true, pageLoadStrategy=normal, databaseEnabled=false, handlesAlerts=true, hasTouchScreen=false, version=65.0.3325.181, platform=XP, browserConnectionEnabled=false, nativeEvents=true, acceptSslCerts=false, acceptInsecureCerts=false, locationContextEnabled=true, webStorageEnabled=true, browserName=chrome, takesScreenshot=true, javascriptEnabled=true, cssSelectorsEnabled=true, setWindowRect=true, unexpectedAlertBehaviour=}]
Session ID: ee3f1b1e3fab06b7d74907f82dc7162f
*** Element info: {Using=xpath, value=.//option[normalize-space(.) = &amp;quot;CC Guarantee&amp;quot;]}">
      <![CDATA[org.openqa.selenium.StaleElementReferenceException: stale element reference: element is not attached to the page document
  (Session info: chrome=65.0.3325.181)
  (Driver info: chromedriver=2.37.544315 (730aa6a5fdba159ac9f4c1e8cbc59bf1b5ce12b7),platform=Windows NT 6.1.7601 SP1 x86_64) (WARNING: The server did not provide any stacktrace information)
Command duration or timeout: 24.23 seconds
For documentation on this error, please visit: http://seleniumhq.org/exceptions/stale_element_reference.html
Build info: version: '2.53.1', revision: 'a36b8b1', time: '2016-06-30 17:32:46'
System info: host: 'KULANDASAMYC', ip: '172.17.9.18', os.name: 'Windows 7', os.arch: 'amd64', os.version: '6.1', java.version: '1.8.0_161'
Driver info: org.openqa.selenium.chrome.ChromeDriver
Capabilities [{applicationCacheEnabled=false, rotatable=false, mobileEmulationEnabled=false, networkConnectionEnabled=false, chrome={chromedriverVersion=2.37.544315 (730aa6a5fdba159ac9f4c1e8cbc59bf1b5ce12b7), userDataDir=C:\Users\KULAND~1\AppData\Local\Temp\scoped_dir5208_30710}, takesHeapSnapshot=true, pageLoadStrategy=normal, databaseEnabled=false, handlesAlerts=true, hasTouchScreen=false, version=65.0.3325.181, platform=XP, browserConnectionEnabled=false, nativeEvents=true, acceptSslCerts=false, acceptInsecureCerts=false, locationContextEnabled=true, webStorageEnabled=true, browserName=chrome, takesScreenshot=true, javascriptEnabled=true, cssSelectorsEnabled=true, setWindowRect=true, unexpectedAlertBehaviour=}]
Session ID: ee3f1b1e3fab06b7d74907f82dc7162f
*** Element info: {Using=xpath, value=.//option[normalize-space(.) = "CC Guarantee"]}
	at org.openqa.selenium.remote.ErrorHandler.createThrowable(ErrorHandler.java:206)
	at org.openqa.selenium.remote.ErrorHandler.throwIfResponseFailed(ErrorHandler.java:158)
	at org.openqa.selenium.remote.RemoteWebDriver.execute(RemoteWebDriver.java:678)
	at org.openqa.selenium.remote.RemoteWebElement.execute(RemoteWebElement.java:327)
	at org.openqa.selenium.remote.RemoteWebElement.findElements(RemoteWebElement.java:214)
	at org.openqa.selenium.remote.RemoteWebElement.findElementsByXPath(RemoteWebElement.java:299)
	at org.openqa.selenium.By$ByXPath.findElements(By.java:356)
	at org.openqa.selenium.remote.RemoteWebElement.findElements(RemoteWebElement.java:190)
	at org.openqa.selenium.support.ui.Select.selectByVisibleText(Select.java:115)
	at Setup_Housing.EventAdminDetails.B_AddEventAdminDetails(EventAdminDetails.java:202)
... Removed 28 stack frames]]>
    </failure>
  </testcase> <!-- B_AddEventAdminDetails -->
  <testcase name="A_LoginAndFocusShow" time="61.877" classname="Setup_Housing.AddHotelSetup"/>
  <testcase name="B_AddConfigureHotel" time="88.627" classname="Setup_Housing.AddHotelSetup"/>
  <testcase name="B_AddConfigureHotel" time="78.082" classname="Setup_Housing.AddHotelSetup"/>
  <testcase name="B_AddConfigureHotel" time="75.65" classname="Setup_Housing.AddHotelSetup"/>
  <testcase name="A_LoginAndFocusShow" time="61.813" classname="Setup_Housing.SetupInventory"/>
  <testcase name="B_inventory_Setup" time="36.403" classname="Setup_Housing.SetupInventory"/>
  <testcase name="A_LoginAndFocusShow" time="62.463" classname="Setup_Housing.AddEventFacilities"/>
  <testcase name="B_Add_Event_Facilities" time="11.602" classname="Setup_Housing.AddEventFacilities"/>
  <testcase name="C_LoginToProdAndFocusShow" time="3.036" classname="Setup_Housing.AddEventFacilities"/>
  <testcase name="D_AddEventFacilitiesToProd" time="8.431" classname="Setup_Housing.AddEventFacilities"/>
</testsuite> <!-- Test -->
