<?xml version="1.0" encoding="UTF-8"?>
<!-- Generated by org.testng.reporters.JUnitXMLReporter -->
<testsuite hostname="KULANDASAMYC" name="Test" tests="93" failures="3" timestamp="18 Jun 2018 13:24:57 GMT" time="1744.328" errors="0">
  <testcase name="A_LoginAndFocusShow" time="9.979" classname="Configure_Show.ConfigureStatuses"/>
  <testcase name="B_Status" time="1.975" classname="Configure_Show.ConfigureStatuses"/>
  <testcase name="C_ConfigureDateStatuses" time="2.554" classname="Configure_Show.ConfigureStatuses"/>
  <testcase name="D_DateStatus" time="4.699" classname="Configure_Show.ConfigureStatuses"/>
  <testcase name="D_DateStatus" time="3.038" classname="Configure_Show.ConfigureStatuses"/>
  <testcase name="D_DateStatus" time="2.973" classname="Configure_Show.ConfigureStatuses"/>
  <testcase name="E_ConfigureMembershipStatuses" time="0.977" classname="Configure_Show.ConfigureStatuses"/>
  <testcase name="F_MembershipStatus" time="3.983" classname="Configure_Show.ConfigureStatuses"/>
  <testcase name="F_MembershipStatus" time="2.751" classname="Configure_Show.ConfigureStatuses"/>
  <testcase name="G_ConfigureRegistrationStatuses" time="1.226" classname="Configure_Show.ConfigureStatuses"/>
  <testcase name="H_RegistrationStatus" time="4.029" classname="Configure_Show.ConfigureStatuses"/>
  <testcase name="H_RegistrationStatus" time="2.737" classname="Configure_Show.ConfigureStatuses"/>
  <testcase name="H_RegistrationStatus" time="2.615" classname="Configure_Show.ConfigureStatuses"/>
  <testcase name="H_RegistrationStatus" time="2.621" classname="Configure_Show.ConfigureStatuses"/>
  <testcase name="I_TearDown" time="0.507" classname="Configure_Show.ConfigureStatuses"/>
  <testcase name="A_RegtypeExt" time="114.879" classname="Configure_Show.ConfigureRegtypeExt"/>
  <testcase name="B_Config_RegType" time="9.189" classname="Configure_Show.ConfigureRegtypeExt"/>
  <testcase name="A_Demographics" time="65.492" classname="Configure_Show.DemographicQuestions"/>
  <testcase name="B_Config_DemographicsQuestions" time="37.683" classname="Configure_Show.DemographicQuestions"/>
  <testcase name="C_CreateDemographicsQuestions" time="115.28" classname="Configure_Show.DemographicQuestions"/>
  <testcase name="A_Demographics" time="62.188" classname="Configure_Show.DemographicAnswers"/>
  <testcase name="B_Config_DemographicsAnswers" time="54.884" classname="Configure_Show.DemographicAnswers"/>
  <testcase name="A_FieldConfig" time="63.035" classname="Configure_Show.ConfigureFieldConfig"/>
  <testcase name="B_Config_LeadConfig" time="12.384" classname="Configure_Show.ConfigureFieldConfig"/>
  <testcase name="A_HTMLProdConfig" time="62.801" classname="Configure_Show.HTML_Production_Config"/>
  <testcase name="B_ConfigureAttendeeConfirmation" time="3.216" classname="Configure_Show.HTML_Production_Config"/>
  <testcase name="C_ConfigureExhibitorConfirmation" time="2.529" classname="Configure_Show.HTML_Production_Config"/>
  <testcase name="D_ConfigureInviteFriend" time="2.038" classname="Configure_Show.HTML_Production_Config"/>
  <testcase name="A_LoginAndFocusShow" time="63.687" classname="Configure_Show.ConfigureSpeakers"/>
  <testcase name="B_AddSpeakers" time="7.161" classname="Configure_Show.ConfigureSpeakers"/>
  <testcase name="B_AddSpeakers" time="6.096" classname="Configure_Show.ConfigureSpeakers"/>
  <testcase name="B_AddSpeakers" time="7.156" classname="Configure_Show.ConfigureSpeakers"/>
  <testcase name="B_AddSpeakers" time="5.862" classname="Configure_Show.ConfigureSpeakers"/>
  <testcase name="B_AddSpeakers" time="5.677" classname="Configure_Show.ConfigureSpeakers"/>
  <testcase name="B_AddSpeakers" time="6.26" classname="Configure_Show.ConfigureSpeakers"/>
  <testcase name="B_AddSpeakers" time="5.59" classname="Configure_Show.ConfigureSpeakers"/>
  <testcase name="B_AddSpeakers" time="5.825" classname="Configure_Show.ConfigureSpeakers"/>
  <testcase name="B_AddSpeakers" time="5.951" classname="Configure_Show.ConfigureSpeakers"/>
  <testcase name="B_AddSpeakers" time="5.389" classname="Configure_Show.ConfigureSpeakers"/>
  <testcase name="B_AddSpeakers" time="5.539" classname="Configure_Show.ConfigureSpeakers"/>
  <testcase name="B_AddSpeakers" time="7.216" classname="Configure_Show.ConfigureSpeakers"/>
  <testcase name="B_AddSpeakers" time="20.991" classname="Configure_Show.ConfigureSpeakers"/>
  <testcase name="B_AddSpeakers" time="5.946" classname="Configure_Show.ConfigureSpeakers"/>
  <testcase name="B_AddSpeakers" time="5.636" classname="Configure_Show.ConfigureSpeakers"/>
  <testcase name="B_AddSpeakers" time="5.734" classname="Configure_Show.ConfigureSpeakers"/>
  <testcase name="A_LoginAndFocus" time="62.224" classname="Configure_Show.ConfigureShowItems"/>
  <testcase name="B_RegistrationFees" time="49.733" classname="Configure_Show.ConfigureShowItems"/>
  <testcase name="C_CancellationFees" time="50.267" classname="Configure_Show.ConfigureShowItems"/>
  <testcase name="D_ShowItemTree" time="3.954" classname="Configure_Show.ConfigureShowItems"/>
  <testcase name="D_ShowItemTree" time="3.492" classname="Configure_Show.ConfigureShowItems"/>
  <testcase name="D_ShowItemTree" time="3.763" classname="Configure_Show.ConfigureShowItems"/>
  <testcase name="D_ShowItemTree" time="4.173" classname="Configure_Show.ConfigureShowItems"/>
  <testcase name="D_ShowItemTree" time="3.8" classname="Configure_Show.ConfigureShowItems"/>
  <testcase name="D_ShowItemTree" time="3.567" classname="Configure_Show.ConfigureShowItems"/>
  <testcase name="D_ShowItemTree" time="3.398" classname="Configure_Show.ConfigureShowItems"/>
  <testcase name="E_ShowItemSUBTree" time="60.158" classname="Configure_Show.ConfigureShowItems">
    <failure type="org.openqa.selenium.NoSuchElementException" message="no such element: Unable to locate element: {&amp;quot;method&amp;quot;:&amp;quot;xpath&amp;quot;,&amp;quot;selector&amp;quot;:&amp;quot;//a[contains(text(),&amp;apos;MONDAY&amp;apos;)]&amp;quot;}
  (Session info: chrome=67.0.3396.79)
  (Driver info: chromedriver=2.38.552522 (437e6fbedfa8762dec75e2c5b3ddb86763dc9dcb),platform=Windows NT 6.1.7601 SP1 x86_64) (WARNING: The server did not provide any stacktrace information)
Command duration or timeout: 60.02 seconds
For documentation on this error, please visit: http://seleniumhq.org/exceptions/no_such_element.html
Build info: version: &amp;apos;2.53.1&amp;apos;, revision: &amp;apos;a36b8b1&amp;apos;, time: &amp;apos;2016-06-30 17:32:46&amp;apos;
System info: host: &amp;apos;KULANDASAMYC&amp;apos;, ip: &amp;apos;172.17.9.18&amp;apos;, os.name: &amp;apos;Windows 7&amp;apos;, os.arch: &amp;apos;amd64&amp;apos;, os.version: &amp;apos;6.1&amp;apos;, java.version: &amp;apos;1.8.0_91&amp;apos;
Driver info: org.openqa.selenium.chrome.ChromeDriver
Capabilities [{applicationCacheEnabled=false, rotatable=false, mobileEmulationEnabled=false, networkConnectionEnabled=false, chrome={chromedriverVersion=2.38.552522 (437e6fbedfa8762dec75e2c5b3ddb86763dc9dcb), userDataDir=C:\Users\KULAND~1\AppData\Local\Temp\scoped_dir7672_4516}, takesHeapSnapshot=true, pageLoadStrategy=normal, databaseEnabled=false, handlesAlerts=true, hasTouchScreen=false, version=67.0.3396.79, platform=XP, browserConnectionEnabled=false, nativeEvents=true, acceptSslCerts=false, acceptInsecureCerts=false, locationContextEnabled=true, webStorageEnabled=true, browserName=chrome, takesScreenshot=true, javascriptEnabled=true, cssSelectorsEnabled=true, setWindowRect=true, unexpectedAlertBehaviour=}]
Session ID: 2f358651868a03fce10eac30cf5c2393
*** Element info: {Using=xpath, value=//a[contains(text(),&amp;apos;MONDAY&amp;apos;)]}">
      <![CDATA[org.openqa.selenium.NoSuchElementException: no such element: Unable to locate element: {"method":"xpath","selector":"//a[contains(text(),'MONDAY')]"}
  (Session info: chrome=67.0.3396.79)
  (Driver info: chromedriver=2.38.552522 (437e6fbedfa8762dec75e2c5b3ddb86763dc9dcb),platform=Windows NT 6.1.7601 SP1 x86_64) (WARNING: The server did not provide any stacktrace information)
Command duration or timeout: 60.02 seconds
For documentation on this error, please visit: http://seleniumhq.org/exceptions/no_such_element.html
Build info: version: '2.53.1', revision: 'a36b8b1', time: '2016-06-30 17:32:46'
System info: host: 'KULANDASAMYC', ip: '172.17.9.18', os.name: 'Windows 7', os.arch: 'amd64', os.version: '6.1', java.version: '1.8.0_91'
Driver info: org.openqa.selenium.chrome.ChromeDriver
Capabilities [{applicationCacheEnabled=false, rotatable=false, mobileEmulationEnabled=false, networkConnectionEnabled=false, chrome={chromedriverVersion=2.38.552522 (437e6fbedfa8762dec75e2c5b3ddb86763dc9dcb), userDataDir=C:\Users\KULAND~1\AppData\Local\Temp\scoped_dir7672_4516}, takesHeapSnapshot=true, pageLoadStrategy=normal, databaseEnabled=false, handlesAlerts=true, hasTouchScreen=false, version=67.0.3396.79, platform=XP, browserConnectionEnabled=false, nativeEvents=true, acceptSslCerts=false, acceptInsecureCerts=false, locationContextEnabled=true, webStorageEnabled=true, browserName=chrome, takesScreenshot=true, javascriptEnabled=true, cssSelectorsEnabled=true, setWindowRect=true, unexpectedAlertBehaviour=}]
Session ID: 2f358651868a03fce10eac30cf5c2393
*** Element info: {Using=xpath, value=//a[contains(text(),'MONDAY')]}
	at org.openqa.selenium.remote.ErrorHandler.createThrowable(ErrorHandler.java:206)
	at org.openqa.selenium.remote.ErrorHandler.throwIfResponseFailed(ErrorHandler.java:158)
	at org.openqa.selenium.remote.RemoteWebDriver.execute(RemoteWebDriver.java:678)
	at org.openqa.selenium.remote.RemoteWebDriver.findElement(RemoteWebDriver.java:363)
	at org.openqa.selenium.remote.RemoteWebDriver.findElementByXPath(RemoteWebDriver.java:500)
	at org.openqa.selenium.By$ByXPath.findElement(By.java:361)
	at org.openqa.selenium.remote.RemoteWebDriver.findElement(RemoteWebDriver.java:355)
	at Configure_Show.ConfigureShowItems.E_ShowItemSUBTree(ConfigureShowItems.java:257)
... Removed 28 stack frames]]>
    </failure>
  </testcase> <!-- E_ShowItemSUBTree -->
  <testcase name="E_ShowItemSUBTree" time="4.619" classname="Configure_Show.ConfigureShowItems"/>
  <testcase name="F_AddShowItems" time="12.762" classname="Configure_Show.ConfigureShowItems"/>
  <testcase name="F_AddShowItems" time="13.692" classname="Configure_Show.ConfigureShowItems"/>
  <testcase name="F_AddShowItems" time="15.162" classname="Configure_Show.ConfigureShowItems"/>
  <testcase name="F_AddShowItems" time="13.861" classname="Configure_Show.ConfigureShowItems"/>
  <testcase name="F_AddShowItems" time="61.598" classname="Configure_Show.ConfigureShowItems">
    <failure type="org.openqa.selenium.NoSuchElementException" message="no such element: Unable to locate element: {&amp;quot;method&amp;quot;:&amp;quot;xpath&amp;quot;,&amp;quot;selector&amp;quot;:&amp;quot;//a[text()=&amp;apos;MON1&amp;apos;]&amp;quot;}
  (Session info: chrome=67.0.3396.79)
  (Driver info: chromedriver=2.38.552522 (437e6fbedfa8762dec75e2c5b3ddb86763dc9dcb),platform=Windows NT 6.1.7601 SP1 x86_64) (WARNING: The server did not provide any stacktrace information)
Command duration or timeout: 60.04 seconds
For documentation on this error, please visit: http://seleniumhq.org/exceptions/no_such_element.html
Build info: version: &amp;apos;2.53.1&amp;apos;, revision: &amp;apos;a36b8b1&amp;apos;, time: &amp;apos;2016-06-30 17:32:46&amp;apos;
System info: host: &amp;apos;KULANDASAMYC&amp;apos;, ip: &amp;apos;172.17.9.18&amp;apos;, os.name: &amp;apos;Windows 7&amp;apos;, os.arch: &amp;apos;amd64&amp;apos;, os.version: &amp;apos;6.1&amp;apos;, java.version: &amp;apos;1.8.0_91&amp;apos;
Driver info: org.openqa.selenium.chrome.ChromeDriver
Capabilities [{applicationCacheEnabled=false, rotatable=false, mobileEmulationEnabled=false, networkConnectionEnabled=false, chrome={chromedriverVersion=2.38.552522 (437e6fbedfa8762dec75e2c5b3ddb86763dc9dcb), userDataDir=C:\Users\KULAND~1\AppData\Local\Temp\scoped_dir7672_4516}, takesHeapSnapshot=true, pageLoadStrategy=normal, databaseEnabled=false, handlesAlerts=true, hasTouchScreen=false, version=67.0.3396.79, platform=XP, browserConnectionEnabled=false, nativeEvents=true, acceptSslCerts=false, acceptInsecureCerts=false, locationContextEnabled=true, webStorageEnabled=true, browserName=chrome, takesScreenshot=true, javascriptEnabled=true, cssSelectorsEnabled=true, setWindowRect=true, unexpectedAlertBehaviour=}]
Session ID: 2f358651868a03fce10eac30cf5c2393
*** Element info: {Using=xpath, value=//a[text()=&amp;apos;MON1&amp;apos;]}">
      <![CDATA[org.openqa.selenium.NoSuchElementException: no such element: Unable to locate element: {"method":"xpath","selector":"//a[text()='MON1']"}
  (Session info: chrome=67.0.3396.79)
  (Driver info: chromedriver=2.38.552522 (437e6fbedfa8762dec75e2c5b3ddb86763dc9dcb),platform=Windows NT 6.1.7601 SP1 x86_64) (WARNING: The server did not provide any stacktrace information)
Command duration or timeout: 60.04 seconds
For documentation on this error, please visit: http://seleniumhq.org/exceptions/no_such_element.html
Build info: version: '2.53.1', revision: 'a36b8b1', time: '2016-06-30 17:32:46'
System info: host: 'KULANDASAMYC', ip: '172.17.9.18', os.name: 'Windows 7', os.arch: 'amd64', os.version: '6.1', java.version: '1.8.0_91'
Driver info: org.openqa.selenium.chrome.ChromeDriver
Capabilities [{applicationCacheEnabled=false, rotatable=false, mobileEmulationEnabled=false, networkConnectionEnabled=false, chrome={chromedriverVersion=2.38.552522 (437e6fbedfa8762dec75e2c5b3ddb86763dc9dcb), userDataDir=C:\Users\KULAND~1\AppData\Local\Temp\scoped_dir7672_4516}, takesHeapSnapshot=true, pageLoadStrategy=normal, databaseEnabled=false, handlesAlerts=true, hasTouchScreen=false, version=67.0.3396.79, platform=XP, browserConnectionEnabled=false, nativeEvents=true, acceptSslCerts=false, acceptInsecureCerts=false, locationContextEnabled=true, webStorageEnabled=true, browserName=chrome, takesScreenshot=true, javascriptEnabled=true, cssSelectorsEnabled=true, setWindowRect=true, unexpectedAlertBehaviour=}]
Session ID: 2f358651868a03fce10eac30cf5c2393
*** Element info: {Using=xpath, value=//a[text()='MON1']}
	at org.openqa.selenium.remote.ErrorHandler.createThrowable(ErrorHandler.java:206)
	at org.openqa.selenium.remote.ErrorHandler.throwIfResponseFailed(ErrorHandler.java:158)
	at org.openqa.selenium.remote.RemoteWebDriver.execute(RemoteWebDriver.java:678)
	at org.openqa.selenium.remote.RemoteWebDriver.findElement(RemoteWebDriver.java:363)
	at org.openqa.selenium.remote.RemoteWebDriver.findElementByXPath(RemoteWebDriver.java:500)
	at org.openqa.selenium.By$ByXPath.findElement(By.java:361)
	at org.openqa.selenium.remote.RemoteWebDriver.findElement(RemoteWebDriver.java:355)
	at Configure_Show.ConfigureShowItems.F_AddShowItems(ConfigureShowItems.java:304)
... Removed 28 stack frames]]>
    </failure>
  </testcase> <!-- F_AddShowItems -->
  <testcase name="F_AddShowItems" time="12.776" classname="Configure_Show.ConfigureShowItems"/>
  <testcase name="F_AddShowItems" time="13.574" classname="Configure_Show.ConfigureShowItems"/>
  <testcase name="F_AddShowItems" time="15.575" classname="Configure_Show.ConfigureShowItems"/>
  <testcase name="F_AddShowItems" time="13.788" classname="Configure_Show.ConfigureShowItems"/>
  <testcase name="F_AddShowItems" time="14.384" classname="Configure_Show.ConfigureShowItems"/>
  <testcase name="F_AddShowItems" time="14.235" classname="Configure_Show.ConfigureShowItems"/>
  <testcase name="F_AddShowItems" time="13.87" classname="Configure_Show.ConfigureShowItems"/>
  <testcase name="F_AddShowItems" time="14.024" classname="Configure_Show.ConfigureShowItems"/>
  <testcase name="F_AddShowItems" time="14.402" classname="Configure_Show.ConfigureShowItems"/>
  <testcase name="F_AddShowItems" time="14.818" classname="Configure_Show.ConfigureShowItems"/>
  <testcase name="F_AddShowItems" time="14.36" classname="Configure_Show.ConfigureShowItems"/>
  <testcase name="F_AddShowItems" time="14.078" classname="Configure_Show.ConfigureShowItems"/>
  <testcase name="F_AddShowItems" time="14.161" classname="Configure_Show.ConfigureShowItems"/>
  <testcase name="F_AddShowItems" time="15.393" classname="Configure_Show.ConfigureShowItems"/>
  <testcase name="F_AddShowItems" time="14.295" classname="Configure_Show.ConfigureShowItems"/>
  <testcase name="F_AddShowItems" time="14.82" classname="Configure_Show.ConfigureShowItems"/>
  <testcase name="F_AddShowItems" time="15.709" classname="Configure_Show.ConfigureShowItems"/>
  <testcase name="F_AddShowItems" time="13.39" classname="Configure_Show.ConfigureShowItems"/>
  <testcase name="F_AddShowItems" time="15.389" classname="Configure_Show.ConfigureShowItems"/>
  <testcase name="F_AddShowItems" time="14.747" classname="Configure_Show.ConfigureShowItems"/>
  <testcase name="F_AddShowItems" time="14.358" classname="Configure_Show.ConfigureShowItems"/>
  <testcase name="A_LoginAndFocus" time="62.77" classname="Configure_Show.ConfigureTracks"/>
  <testcase name="B_Add_Tracks" time="3.687" classname="Configure_Show.ConfigureTracks"/>
  <testcase name="B_Add_Tracks" time="4.137" classname="Configure_Show.ConfigureTracks"/>
  <testcase name="B_Add_Tracks" time="3.355" classname="Configure_Show.ConfigureTracks"/>
  <testcase name="A_LoginAndFocus" time="63.184" classname="Configure_Show.ConfigurePackages"/>
  <testcase name="B_Add_Packages" time="21.876" classname="Configure_Show.ConfigurePackages"/>
  <testcase name="A_LoginAndFocus" time="62.928" classname="Configure_Show.ConfigureExhibitors"/>
  <testcase name="B_Add_Exhibitor" time="15.614" classname="Configure_Show.ConfigureExhibitors"/>
  <testcase name="C_LoginAndFocus" time="6.011" classname="Configure_Show.ConfigureExhibitors"/>
  <testcase name="D_Add_Exhibitor" time="0.0" classname="Configure_Show.ConfigureExhibitors">
    <failure type="java.lang.ArrayIndexOutOfBoundsException" message="1">
      <![CDATA[java.lang.ArrayIndexOutOfBoundsException: 1
	at Configure_Show.ConfigureExhibitors.B_Add_Exhibitor(ConfigureExhibitors.java:85)
	at Configure_Show.ConfigureExhibitors.D_Add_Exhibitor(ConfigureExhibitors.java:181)
... Removed 24 stack frames]]>
    </failure>
  </testcase> <!-- D_Add_Exhibitor -->
</testsuite> <!-- Test -->
