<?xml version="1.0" encoding="UTF-8"?>
<!-- Generated by org.testng.reporters.JUnitXMLReporter -->
<testsuite hostname="MISHRAM" ignored="1" name="SchedulesUATStage" tests="2" failures="1" timestamp="09 Mar 2017 10:10:32 GMT" time="0.172" errors="0">
  <testcase name="Schedules_UATProd" time="0.033" classname="showbuild.suiteB.SchedulesUATProd">
    <failure type="org.testng.TestNGException" message="
The test(s) &amp;lt;[Login]&amp;gt; cannot be found.">
      <![CDATA[org.testng.TestNGException: 
The test(s) <[Login]> cannot be found.
	at showbuild.util.TestUtil.runTestCases(TestUtil.java:149)
	at showbuild.suiteB.SchedulesUATProd.Schedules_UATProd(SchedulesUATProd.java:60)
... Removed 28 stack frames]]>
    </failure>
  </testcase> <!-- Schedules_UATProd -->
  <testcase name="AddSchedules_UATProd" time="0.0" classname="showbuild.suiteB.SchedulesUATProd">
    <skipped/>
  </testcase> <!-- AddSchedules_UATProd -->
  <testcase name="AddOnsiteRegistration" time="0.0" classname="showbuild.suiteB.SchedulesUATProd">
    <ignored/>
  </testcase> <!-- AddOnsiteRegistration -->
</testsuite> <!-- SchedulesUATStage -->
